<?xml version="1.0" encoding="UTF-8"?>
<testsuite xmlns:xsi="http://www.w3.org/2001/XMLSchema-instance" xsi:noNamespaceSchemaLocation="https://maven.apache.org/surefire/maven-surefire-plugin/xsd/surefire-test-report-3.0.xsd" version="3.0" name="AutomatedTests.AutomatedTests.LoginTests" time="5.285" tests="5" errors="0" skipped="0" failures="0">
  <properties>
[...]
</properties>
  <testcase name="userNameRequired" classname="AutomatedTests.AutomatedTests.LoginTests" time="1.823"/>
  <testcase name="passwordRequired" classname="AutomatedTests.AutomatedTests.LoginTests" time="0.324"/>
  <testcase name="invalidPasswordCred" classname="AutomatedTests.AutomatedTests.LoginTests" time="0.503"/>
  <testcase name="redirectedValidCred" classname="AutomatedTests.AutomatedTests.LoginTests" time="0.712"/>
  <testcase name="invalidUsernameCred" classname="AutomatedTests.AutomatedTests.LoginTests" time="0.555"/>
</testsuite>